This is pdfTeX, Version 3.1415926-2.5-1.40.14 (TeX Live 2013/Debian) (format=pdflatex 2014.5.21)  29 JUN 2014 23:24
entering extended mode
 restricted \write18 enabled.
 %&-line parsing enabled.
**main.tex
(./main.tex
LaTeX2e <2011/06/27>
Babel <3.9h> and hyphenation patterns for 11 languages loaded.
(/usr/share/texlive/texmf-dist/tex/latex/base/report.cls
Document Class: report 2007/10/19 v1.4h Standard LaTeX document class
(/usr/share/texlive/texmf-dist/tex/latex/base/size12.clo
File: size12.clo 2007/10/19 v1.4h Standard LaTeX file (size option)
)
\c@part=\count79
\c@chapter=\count80
\c@section=\count81
\c@subsection=\count82
\c@subsubsection=\count83
\c@paragraph=\count84
\c@subparagraph=\count85
\c@figure=\count86
\c@table=\count87
\abovecaptionskip=\skip41
\belowcaptionskip=\skip42
\bibindent=\dimen102
)
(/usr/share/texlive/texmf-dist/tex/latex/tools/verbatim.sty
Package: verbatim 2003/08/22 v1.5q LaTeX2e package for verbatim enhancements
\every@verbatim=\toks14
\verbatim@line=\toks15
\verbatim@in@stream=\read1
)
(/usr/share/texlive/texmf-dist/tex/latex/oberdiek/pdflscape.sty
Package: pdflscape 2008/08/11 v0.10 Display of landscape pages in PDF (HO)

(/usr/share/texlive/texmf-dist/tex/latex/graphics/lscape.sty
Package: lscape 2000/10/22 v3.01 Landscape Pages (DPC)

(/usr/share/texlive/texmf-dist/tex/latex/graphics/graphics.sty
Package: graphics 2009/02/05 v1.0o Standard LaTeX Graphics (DPC,SPQR)

(/usr/share/texlive/texmf-dist/tex/latex/graphics/trig.sty
Package: trig 1999/03/16 v1.09 sin cos tan (DPC)
)
(/usr/share/texlive/texmf-dist/tex/latex/latexconfig/graphics.cfg
File: graphics.cfg 2010/04/23 v1.9 graphics configuration of TeX Live
)
Package graphics Info: Driver file: pdftex.def on input line 91.

(/usr/share/texlive/texmf-dist/tex/latex/pdftex-def/pdftex.def
File: pdftex.def 2011/05/27 v0.06d Graphics/color for pdfTeX

(/usr/share/texlive/texmf-dist/tex/generic/oberdiek/infwarerr.sty
Package: infwarerr 2010/04/08 v1.3 Providing info/warning/error messages (HO)
)
(/usr/share/texlive/texmf-dist/tex/generic/oberdiek/ltxcmds.sty
Package: ltxcmds 2011/11/09 v1.22 LaTeX kernel commands for general use (HO)
)
\Gread@gobject=\count88
)))
(/usr/share/texlive/texmf-dist/tex/generic/oberdiek/ifpdf.sty
Package: ifpdf 2011/01/30 v2.3 Provides the ifpdf switch (HO)
Package ifpdf Info: pdfTeX in PDF mode is detected.
)
Package pdflscape Info: Auto-detected driver: pdftex on input line 80.

(/usr/share/texlive/texmf-dist/tex/generic/ifxetex/ifxetex.sty
Package: ifxetex 2010/09/12 v0.6 Provides ifxetex conditional
))
(/usr/share/texlive/texmf-dist/tex/latex/caption/subcaption.sty
Package: subcaption 2013/02/03 v1.1-62 Sub-captions (AR)

(/usr/share/texlive/texmf-dist/tex/latex/caption/caption.sty
Package: caption 2013/05/02 v3.3-89 Customizing captions (AR)

(/usr/share/texlive/texmf-dist/tex/latex/caption/caption3.sty
Package: caption3 2013/05/02 v1.6-88 caption3 kernel (AR)
Package caption3 Info: TeX engine: e-TeX on input line 57.

(/usr/share/texlive/texmf-dist/tex/latex/graphics/keyval.sty
Package: keyval 1999/03/16 v1.13 key=value parser (DPC)
\KV@toks@=\toks16
)
\captionmargin=\dimen103
\captionmargin@=\dimen104
\captionwidth=\dimen105
\caption@tempdima=\dimen106
\caption@indent=\dimen107
\caption@parindent=\dimen108
\caption@hangindent=\dimen109
)
\c@ContinuedFloat=\count89
)
\c@subfigure=\count90
\c@subtable=\count91
)
(/usr/share/texlive/texmf-dist/tex/latex/tools/indentfirst.sty
Package: indentfirst 1995/11/23 v1.03 Indent first paragraph (DPC)
)
(/usr/share/texlive/texmf-dist/tex/latex/cmap/cmap.sty
Package: cmap 2008/03/06 v1.0h CMap support: searchable PDF
)
(/usr/share/texlive/texmf-dist/tex/latex/graphics/graphicx.sty
Package: graphicx 1999/02/16 v1.0f Enhanced LaTeX Graphics (DPC,SPQR)
\Gin@req@height=\dimen110
\Gin@req@width=\dimen111
)
(/usr/share/texlive/texmf-dist/tex/latex/hyperref/hyperref.sty
Package: hyperref 2012/11/06 v6.83m Hypertext links for LaTeX

(/usr/share/texlive/texmf-dist/tex/generic/oberdiek/hobsub-hyperref.sty
Package: hobsub-hyperref 2012/05/28 v1.13 Bundle oberdiek, subset hyperref (HO)


(/usr/share/texlive/texmf-dist/tex/generic/oberdiek/hobsub-generic.sty
Package: hobsub-generic 2012/05/28 v1.13 Bundle oberdiek, subset generic (HO)
Package: hobsub 2012/05/28 v1.13 Construct package bundles (HO)
Package hobsub Info: Skipping package `infwarerr' (already loaded).
Package hobsub Info: Skipping package `ltxcmds' (already loaded).
Package: ifluatex 2010/03/01 v1.3 Provides the ifluatex switch (HO)
Package ifluatex Info: LuaTeX not detected.
Package: ifvtex 2010/03/01 v1.5 Detect VTeX and its facilities (HO)
Package ifvtex Info: VTeX not detected.
Package: intcalc 2007/09/27 v1.1 Expandable calculations with integers (HO)
Package hobsub Info: Skipping package `ifpdf' (already loaded).
Package: etexcmds 2011/02/16 v1.5 Avoid name clashes with e-TeX commands (HO)
Package etexcmds Info: Could not find \expanded.
(etexcmds)             That can mean that you are not using pdfTeX 1.50 or
(etexcmds)             that some package has redefined \expanded.
(etexcmds)             In the latter case, load this package earlier.
Package: kvsetkeys 2012/04/25 v1.16 Key value parser (HO)
Package: kvdefinekeys 2011/04/07 v1.3 Define keys (HO)
Package: pdftexcmds 2011/11/29 v0.20 Utility functions of pdfTeX for LuaTeX (HO
)
Package pdftexcmds Info: LuaTeX not detected.
Package pdftexcmds Info: \pdf@primitive is available.
Package pdftexcmds Info: \pdf@ifprimitive is available.
Package pdftexcmds Info: \pdfdraftmode found.
Package: pdfescape 2011/11/25 v1.13 Implements pdfTeX's escape features (HO)
Package: bigintcalc 2012/04/08 v1.3 Expandable calculations on big integers (HO
)
Package: bitset 2011/01/30 v1.1 Handle bit-vector datatype (HO)
Package: uniquecounter 2011/01/30 v1.2 Provide unlimited unique counter (HO)
)
Package hobsub Info: Skipping package `hobsub' (already loaded).
Package: letltxmacro 2010/09/02 v1.4 Let assignment for LaTeX macros (HO)
Package: hopatch 2012/05/28 v1.2 Wrapper for package hooks (HO)
Package: xcolor-patch 2011/01/30 xcolor patch
Package: atveryend 2011/06/30 v1.8 Hooks at the very end of document (HO)
Package atveryend Info: \enddocument detected (standard20110627).
Package: atbegshi 2011/10/05 v1.16 At begin shipout hook (HO)
Package: refcount 2011/10/16 v3.4 Data extraction from label references (HO)
Package: hycolor 2011/01/30 v1.7 Color options for hyperref/bookmark (HO)
)
(/usr/share/texlive/texmf-dist/tex/latex/oberdiek/auxhook.sty
Package: auxhook 2011/03/04 v1.3 Hooks for auxiliary files (HO)
)
(/usr/share/texlive/texmf-dist/tex/latex/oberdiek/kvoptions.sty
Package: kvoptions 2011/06/30 v3.11 Key value format for package options (HO)
)
\@linkdim=\dimen112
\Hy@linkcounter=\count92
\Hy@pagecounter=\count93

(/usr/share/texlive/texmf-dist/tex/latex/hyperref/pd1enc.def
File: pd1enc.def 2012/11/06 v6.83m Hyperref: PDFDocEncoding definition (HO)
)
\Hy@SavedSpaceFactor=\count94

(/usr/share/texlive/texmf-dist/tex/latex/latexconfig/hyperref.cfg
File: hyperref.cfg 2002/06/06 v1.2 hyperref configuration of TeXLive
)
Package hyperref Info: Option `unicode' set `true' on input line 4319.

(/usr/share/texlive/texmf-dist/tex/latex/hyperref/puenc.def
File: puenc.def 2012/11/06 v6.83m Hyperref: PDF Unicode definition (HO)
)
Package hyperref Info: Hyper figures OFF on input line 4443.
Package hyperref Info: Link nesting OFF on input line 4448.
Package hyperref Info: Hyper index ON on input line 4451.
Package hyperref Info: Plain pages OFF on input line 4458.
Package hyperref Info: Backreferencing OFF on input line 4463.
Package hyperref Info: Implicit mode ON; LaTeX internals redefined.
Package hyperref Info: Bookmarks ON on input line 4688.
\c@Hy@tempcnt=\count95

(/usr/share/texlive/texmf-dist/tex/latex/url/url.sty
\Urlmuskip=\muskip10
Package: url 2013/09/16  ver 3.4  Verb mode for urls, etc.
)
LaTeX Info: Redefining \url on input line 5041.
\XeTeXLinkMargin=\dimen113
\Fld@menulength=\count96
\Field@Width=\dimen114
\Fld@charsize=\dimen115
Package hyperref Info: Hyper figures OFF on input line 6295.
Package hyperref Info: Link nesting OFF on input line 6300.
Package hyperref Info: Hyper index ON on input line 6303.
Package hyperref Info: backreferencing OFF on input line 6310.
Package hyperref Info: Link coloring OFF on input line 6315.
Package hyperref Info: Link coloring with OCG OFF on input line 6320.
Package hyperref Info: PDF/A mode OFF on input line 6325.
LaTeX Info: Redefining \ref on input line 6365.
LaTeX Info: Redefining \pageref on input line 6369.
\Hy@abspage=\count97
\c@Item=\count98
\c@Hfootnote=\count99
)

Package hyperref Message: Driver (autodetected): hpdftex.

(/usr/share/texlive/texmf-dist/tex/latex/hyperref/hpdftex.def
File: hpdftex.def 2012/11/06 v6.83m Hyperref driver for pdfTeX
\Fld@listcount=\count100
\c@bookmark@seq@number=\count101

(/usr/share/texlive/texmf-dist/tex/latex/oberdiek/rerunfilecheck.sty
Package: rerunfilecheck 2011/04/15 v1.7 Rerun checks for auxiliary files (HO)
Package uniquecounter Info: New unique counter `rerunfilecheck' on input line 2
82.
)
\Hy@SectionHShift=\skip43
)
(/usr/share/texlive/texmf-dist/tex/latex/float/float.sty
Package: float 2001/11/08 v1.3d Float enhancements (AL)
\c@float@type=\count102
\float@exts=\toks17
\float@box=\box26
\@float@everytoks=\toks18
\@floatcapt=\box27
)
(/usr/share/texlive/texmf-dist/tex/latex/amsmath/amsmath.sty
Package: amsmath 2013/01/14 v2.14 AMS math features
\@mathmargin=\skip44

For additional information on amsmath, use the `?' option.
(/usr/share/texlive/texmf-dist/tex/latex/amsmath/amstext.sty
Package: amstext 2000/06/29 v2.01

(/usr/share/texlive/texmf-dist/tex/latex/amsmath/amsgen.sty
File: amsgen.sty 1999/11/30 v2.0
\@emptytoks=\toks19
\ex@=\dimen116
))
(/usr/share/texlive/texmf-dist/tex/latex/amsmath/amsbsy.sty
Package: amsbsy 1999/11/29 v1.2d
\pmbraise@=\dimen117
)
(/usr/share/texlive/texmf-dist/tex/latex/amsmath/amsopn.sty
Package: amsopn 1999/12/14 v2.01 operator names
)
\inf@bad=\count103
LaTeX Info: Redefining \frac on input line 210.
\uproot@=\count104
\leftroot@=\count105
LaTeX Info: Redefining \overline on input line 306.
\classnum@=\count106
\DOTSCASE@=\count107
LaTeX Info: Redefining \ldots on input line 378.
LaTeX Info: Redefining \dots on input line 381.
LaTeX Info: Redefining \cdots on input line 466.
\Mathstrutbox@=\box28
\strutbox@=\box29
\big@size=\dimen118
LaTeX Font Info:    Redeclaring font encoding OML on input line 566.
LaTeX Font Info:    Redeclaring font encoding OMS on input line 567.
\macc@depth=\count108
\c@MaxMatrixCols=\count109
\dotsspace@=\muskip11
\c@parentequation=\count110
\dspbrk@lvl=\count111
\tag@help=\toks20
\row@=\count112
\column@=\count113
\maxfields@=\count114
\andhelp@=\toks21
\eqnshift@=\dimen119
\alignsep@=\dimen120
\tagshift@=\dimen121
\tagwidth@=\dimen122
\totwidth@=\dimen123
\lineht@=\dimen124
\@envbody=\toks22
\multlinegap=\skip45
\multlinetaggap=\skip46
\mathdisplay@stack=\toks23
LaTeX Info: Redefining \[ on input line 2665.
LaTeX Info: Redefining \] on input line 2666.
)
(/usr/share/texlive/texmf-dist/tex/latex/base/inputenc.sty
Package: inputenc 2008/03/30 v1.1d Input encoding file
\inpenc@prehook=\toks24
\inpenc@posthook=\toks25

(/usr/share/texlive/texmf-dist/tex/latex/base/utf8.def
File: utf8.def 2008/04/05 v1.1m UTF-8 support for inputenc
Now handling font encoding OML ...
... no UTF-8 mapping file for font encoding OML
Now handling font encoding T1 ...
... processing UTF-8 mapping file for font encoding T1

(/usr/share/texlive/texmf-dist/tex/latex/base/t1enc.dfu
File: t1enc.dfu 2008/04/05 v1.1m UTF-8 support for inputenc
   defining Unicode char U+00A1 (decimal 161)
   defining Unicode char U+00A3 (decimal 163)
   defining Unicode char U+00AB (decimal 171)
   defining Unicode char U+00BB (decimal 187)
   defining Unicode char U+00BF (decimal 191)
   defining Unicode char U+00C0 (decimal 192)
   defining Unicode char U+00C1 (decimal 193)
   defining Unicode char U+00C2 (decimal 194)
   defining Unicode char U+00C3 (decimal 195)
   defining Unicode char U+00C4 (decimal 196)
   defining Unicode char U+00C5 (decimal 197)
   defining Unicode char U+00C6 (decimal 198)
   defining Unicode char U+00C7 (decimal 199)
   defining Unicode char U+00C8 (decimal 200)
   defining Unicode char U+00C9 (decimal 201)
   defining Unicode char U+00CA (decimal 202)
   defining Unicode char U+00CB (decimal 203)
   defining Unicode char U+00CC (decimal 204)
   defining Unicode char U+00CD (decimal 205)
   defining Unicode char U+00CE (decimal 206)
   defining Unicode char U+00CF (decimal 207)
   defining Unicode char U+00D0 (decimal 208)
   defining Unicode char U+00D1 (decimal 209)
   defining Unicode char U+00D2 (decimal 210)
   defining Unicode char U+00D3 (decimal 211)
   defining Unicode char U+00D4 (decimal 212)
   defining Unicode char U+00D5 (decimal 213)
   defining Unicode char U+00D6 (decimal 214)
   defining Unicode char U+00D8 (decimal 216)
   defining Unicode char U+00D9 (decimal 217)
   defining Unicode char U+00DA (decimal 218)
   defining Unicode char U+00DB (decimal 219)
   defining Unicode char U+00DC (decimal 220)
   defining Unicode char U+00DD (decimal 221)
   defining Unicode char U+00DE (decimal 222)
   defining Unicode char U+00DF (decimal 223)
   defining Unicode char U+00E0 (decimal 224)
   defining Unicode char U+00E1 (decimal 225)
   defining Unicode char U+00E2 (decimal 226)
   defining Unicode char U+00E3 (decimal 227)
   defining Unicode char U+00E4 (decimal 228)
   defining Unicode char U+00E5 (decimal 229)
   defining Unicode char U+00E6 (decimal 230)
   defining Unicode char U+00E7 (decimal 231)
   defining Unicode char U+00E8 (decimal 232)
   defining Unicode char U+00E9 (decimal 233)
   defining Unicode char U+00EA (decimal 234)
   defining Unicode char U+00EB (decimal 235)
   defining Unicode char U+00EC (decimal 236)
   defining Unicode char U+00ED (decimal 237)
   defining Unicode char U+00EE (decimal 238)
   defining Unicode char U+00EF (decimal 239)
   defining Unicode char U+00F0 (decimal 240)
   defining Unicode char U+00F1 (decimal 241)
   defining Unicode char U+00F2 (decimal 242)
   defining Unicode char U+00F3 (decimal 243)
   defining Unicode char U+00F4 (decimal 244)
   defining Unicode char U+00F5 (decimal 245)
   defining Unicode char U+00F6 (decimal 246)
   defining Unicode char U+00F8 (decimal 248)
   defining Unicode char U+00F9 (decimal 249)
   defining Unicode char U+00FA (decimal 250)
   defining Unicode char U+00FB (decimal 251)
   defining Unicode char U+00FC (decimal 252)
   defining Unicode char U+00FD (decimal 253)
   defining Unicode char U+00FE (decimal 254)
   defining Unicode char U+00FF (decimal 255)
   defining Unicode char U+0102 (decimal 258)
   defining Unicode char U+0103 (decimal 259)
   defining Unicode char U+0104 (decimal 260)
   defining Unicode char U+0105 (decimal 261)
   defining Unicode char U+0106 (decimal 262)
   defining Unicode char U+0107 (decimal 263)
   defining Unicode char U+010C (decimal 268)
   defining Unicode char U+010D (decimal 269)
   defining Unicode char U+010E (decimal 270)
   defining Unicode char U+010F (decimal 271)
   defining Unicode char U+0110 (decimal 272)
   defining Unicode char U+0111 (decimal 273)
   defining Unicode char U+0118 (decimal 280)
   defining Unicode char U+0119 (decimal 281)
   defining Unicode char U+011A (decimal 282)
   defining Unicode char U+011B (decimal 283)
   defining Unicode char U+011E (decimal 286)
   defining Unicode char U+011F (decimal 287)
   defining Unicode char U+0130 (decimal 304)
   defining Unicode char U+0131 (decimal 305)
   defining Unicode char U+0132 (decimal 306)
   defining Unicode char U+0133 (decimal 307)
   defining Unicode char U+0139 (decimal 313)
   defining Unicode char U+013A (decimal 314)
   defining Unicode char U+013D (decimal 317)
   defining Unicode char U+013E (decimal 318)
   defining Unicode char U+0141 (decimal 321)
   defining Unicode char U+0142 (decimal 322)
   defining Unicode char U+0143 (decimal 323)
   defining Unicode char U+0144 (decimal 324)
   defining Unicode char U+0147 (decimal 327)
   defining Unicode char U+0148 (decimal 328)
   defining Unicode char U+014A (decimal 330)
   defining Unicode char U+014B (decimal 331)
   defining Unicode char U+0150 (decimal 336)
   defining Unicode char U+0151 (decimal 337)
   defining Unicode char U+0152 (decimal 338)
   defining Unicode char U+0153 (decimal 339)
   defining Unicode char U+0154 (decimal 340)
   defining Unicode char U+0155 (decimal 341)
   defining Unicode char U+0158 (decimal 344)
   defining Unicode char U+0159 (decimal 345)
   defining Unicode char U+015A (decimal 346)
   defining Unicode char U+015B (decimal 347)
   defining Unicode char U+015E (decimal 350)
   defining Unicode char U+015F (decimal 351)
   defining Unicode char U+0160 (decimal 352)
   defining Unicode char U+0161 (decimal 353)
   defining Unicode char U+0162 (decimal 354)
   defining Unicode char U+0163 (decimal 355)
   defining Unicode char U+0164 (decimal 356)
   defining Unicode char U+0165 (decimal 357)
   defining Unicode char U+016E (decimal 366)
   defining Unicode char U+016F (decimal 367)
   defining Unicode char U+0170 (decimal 368)
   defining Unicode char U+0171 (decimal 369)
   defining Unicode char U+0178 (decimal 376)
   defining Unicode char U+0179 (decimal 377)
   defining Unicode char U+017A (decimal 378)
   defining Unicode char U+017B (decimal 379)
   defining Unicode char U+017C (decimal 380)
   defining Unicode char U+017D (decimal 381)
   defining Unicode char U+017E (decimal 382)
   defining Unicode char U+200C (decimal 8204)
   defining Unicode char U+2013 (decimal 8211)
   defining Unicode char U+2014 (decimal 8212)
   defining Unicode char U+2018 (decimal 8216)
   defining Unicode char U+2019 (decimal 8217)
   defining Unicode char U+201A (decimal 8218)
   defining Unicode char U+201C (decimal 8220)
   defining Unicode char U+201D (decimal 8221)
   defining Unicode char U+201E (decimal 8222)
   defining Unicode char U+2030 (decimal 8240)
   defining Unicode char U+2031 (decimal 8241)
   defining Unicode char U+2039 (decimal 8249)
   defining Unicode char U+203A (decimal 8250)
   defining Unicode char U+2423 (decimal 9251)
)
Now handling font encoding OT1 ...
... processing UTF-8 mapping file for font encoding OT1

(/usr/share/texlive/texmf-dist/tex/latex/base/ot1enc.dfu
File: ot1enc.dfu 2008/04/05 v1.1m UTF-8 support for inputenc
   defining Unicode char U+00A1 (decimal 161)
   defining Unicode char U+00A3 (decimal 163)
   defining Unicode char U+00B8 (decimal 184)
   defining Unicode char U+00BF (decimal 191)
   defining Unicode char U+00C5 (decimal 197)
   defining Unicode char U+00C6 (decimal 198)
   defining Unicode char U+00D8 (decimal 216)
   defining Unicode char U+00DF (decimal 223)
   defining Unicode char U+00E6 (decimal 230)
   defining Unicode char U+00EC (decimal 236)
   defining Unicode char U+00ED (decimal 237)
   defining Unicode char U+00EE (decimal 238)
   defining Unicode char U+00EF (decimal 239)
   defining Unicode char U+00F8 (decimal 248)
   defining Unicode char U+0131 (decimal 305)
   defining Unicode char U+0141 (decimal 321)
   defining Unicode char U+0142 (decimal 322)
   defining Unicode char U+0152 (decimal 338)
   defining Unicode char U+0153 (decimal 339)
   defining Unicode char U+2013 (decimal 8211)
   defining Unicode char U+2014 (decimal 8212)
   defining Unicode char U+2018 (decimal 8216)
   defining Unicode char U+2019 (decimal 8217)
   defining Unicode char U+201C (decimal 8220)
   defining Unicode char U+201D (decimal 8221)
)
Now handling font encoding OMS ...
... processing UTF-8 mapping file for font encoding OMS

(/usr/share/texlive/texmf-dist/tex/latex/base/omsenc.dfu
File: omsenc.dfu 2008/04/05 v1.1m UTF-8 support for inputenc
   defining Unicode char U+00A7 (decimal 167)
   defining Unicode char U+00B6 (decimal 182)
   defining Unicode char U+00B7 (decimal 183)
   defining Unicode char U+2020 (decimal 8224)
   defining Unicode char U+2021 (decimal 8225)
   defining Unicode char U+2022 (decimal 8226)
)
Now handling font encoding OMX ...
... no UTF-8 mapping file for font encoding OMX
Now handling font encoding U ...
... no UTF-8 mapping file for font encoding U
Now handling font encoding PD1 ...
... no UTF-8 mapping file for font encoding PD1
Now handling font encoding PU ...
... no UTF-8 mapping file for font encoding PU
   defining Unicode char U+00A9 (decimal 169)
   defining Unicode char U+00AA (decimal 170)
   defining Unicode char U+00AE (decimal 174)
   defining Unicode char U+00BA (decimal 186)
   defining Unicode char U+02C6 (decimal 710)
   defining Unicode char U+02DC (decimal 732)
   defining Unicode char U+200C (decimal 8204)
   defining Unicode char U+2026 (decimal 8230)
   defining Unicode char U+2122 (decimal 8482)
   defining Unicode char U+2423 (decimal 9251)
))
(/usr/share/texlive/texmf-dist/tex/latex/base/fontenc.sty
Package: fontenc 2005/09/27 v1.99g Standard LaTeX package

(/usr/share/texlive/texmf-dist/tex/latex/cyrillic/t2aenc.def
File: t2aenc.def 2005/09/27 v1.0i Cyrillic encoding definition file
Now handling font encoding T2A ...
... processing UTF-8 mapping file for font encoding T2A

(/usr/share/texlive/texmf-dist/tex/latex/base/t2aenc.dfu
File: t2aenc.dfu 2008/04/05 v1.1m UTF-8 support for inputenc
   defining Unicode char U+00A4 (decimal 164)
   defining Unicode char U+00A7 (decimal 167)
   defining Unicode char U+00AB (decimal 171)
   defining Unicode char U+00BB (decimal 187)
   defining Unicode char U+0131 (decimal 305)
   defining Unicode char U+0400 (decimal 1024)
   defining Unicode char U+0401 (decimal 1025)
   defining Unicode char U+0402 (decimal 1026)
   defining Unicode char U+0403 (decimal 1027)
   defining Unicode char U+0404 (decimal 1028)
   defining Unicode char U+0405 (decimal 1029)
   defining Unicode char U+0406 (decimal 1030)
   defining Unicode char U+0407 (decimal 1031)
   defining Unicode char U+0408 (decimal 1032)
   defining Unicode char U+0409 (decimal 1033)
   defining Unicode char U+040A (decimal 1034)
   defining Unicode char U+040B (decimal 1035)
   defining Unicode char U+040C (decimal 1036)
   defining Unicode char U+040D (decimal 1037)
   defining Unicode char U+040E (decimal 1038)
   defining Unicode char U+040F (decimal 1039)
   defining Unicode char U+0410 (decimal 1040)
   defining Unicode char U+0411 (decimal 1041)
   defining Unicode char U+0412 (decimal 1042)
   defining Unicode char U+0413 (decimal 1043)
   defining Unicode char U+0414 (decimal 1044)
   defining Unicode char U+0415 (decimal 1045)
   defining Unicode char U+0416 (decimal 1046)
   defining Unicode char U+0417 (decimal 1047)
   defining Unicode char U+0418 (decimal 1048)
   defining Unicode char U+0419 (decimal 1049)
   defining Unicode char U+041A (decimal 1050)
   defining Unicode char U+041B (decimal 1051)
   defining Unicode char U+041C (decimal 1052)
   defining Unicode char U+041D (decimal 1053)
   defining Unicode char U+041E (decimal 1054)
   defining Unicode char U+041F (decimal 1055)
   defining Unicode char U+0420 (decimal 1056)
   defining Unicode char U+0421 (decimal 1057)
   defining Unicode char U+0422 (decimal 1058)
   defining Unicode char U+0423 (decimal 1059)
   defining Unicode char U+0424 (decimal 1060)
   defining Unicode char U+0425 (decimal 1061)
   defining Unicode char U+0426 (decimal 1062)
   defining Unicode char U+0427 (decimal 1063)
   defining Unicode char U+0428 (decimal 1064)
   defining Unicode char U+0429 (decimal 1065)
   defining Unicode char U+042A (decimal 1066)
   defining Unicode char U+042B (decimal 1067)
   defining Unicode char U+042C (decimal 1068)
   defining Unicode char U+042D (decimal 1069)
   defining Unicode char U+042E (decimal 1070)
   defining Unicode char U+042F (decimal 1071)
   defining Unicode char U+0430 (decimal 1072)
   defining Unicode char U+0431 (decimal 1073)
   defining Unicode char U+0432 (decimal 1074)
   defining Unicode char U+0433 (decimal 1075)
   defining Unicode char U+0434 (decimal 1076)
   defining Unicode char U+0435 (decimal 1077)
   defining Unicode char U+0436 (decimal 1078)
   defining Unicode char U+0437 (decimal 1079)
   defining Unicode char U+0438 (decimal 1080)
   defining Unicode char U+0439 (decimal 1081)
   defining Unicode char U+043A (decimal 1082)
   defining Unicode char U+043B (decimal 1083)
   defining Unicode char U+043C (decimal 1084)
   defining Unicode char U+043D (decimal 1085)
   defining Unicode char U+043E (decimal 1086)
   defining Unicode char U+043F (decimal 1087)
   defining Unicode char U+0440 (decimal 1088)
   defining Unicode char U+0441 (decimal 1089)
   defining Unicode char U+0442 (decimal 1090)
   defining Unicode char U+0443 (decimal 1091)
   defining Unicode char U+0444 (decimal 1092)
   defining Unicode char U+0445 (decimal 1093)
   defining Unicode char U+0446 (decimal 1094)
   defining Unicode char U+0447 (decimal 1095)
   defining Unicode char U+0448 (decimal 1096)
   defining Unicode char U+0449 (decimal 1097)
   defining Unicode char U+044A (decimal 1098)
   defining Unicode char U+044B (decimal 1099)
   defining Unicode char U+044C (decimal 1100)
   defining Unicode char U+044D (decimal 1101)
   defining Unicode char U+044E (decimal 1102)
   defining Unicode char U+044F (decimal 1103)
   defining Unicode char U+0450 (decimal 1104)
   defining Unicode char U+0451 (decimal 1105)
   defining Unicode char U+0452 (decimal 1106)
   defining Unicode char U+0453 (decimal 1107)
   defining Unicode char U+0454 (decimal 1108)
   defining Unicode char U+0455 (decimal 1109)
   defining Unicode char U+0456 (decimal 1110)
   defining Unicode char U+0457 (decimal 1111)
   defining Unicode char U+0458 (decimal 1112)
   defining Unicode char U+0459 (decimal 1113)
   defining Unicode char U+045A (decimal 1114)
   defining Unicode char U+045B (decimal 1115)
   defining Unicode char U+045C (decimal 1116)
   defining Unicode char U+045D (decimal 1117)
   defining Unicode char U+045E (decimal 1118)
   defining Unicode char U+045F (decimal 1119)
   defining Unicode char U+0490 (decimal 1168)
   defining Unicode char U+0491 (decimal 1169)
   defining Unicode char U+0492 (decimal 1170)
   defining Unicode char U+0493 (decimal 1171)
   defining Unicode char U+0496 (decimal 1174)
   defining Unicode char U+0497 (decimal 1175)
   defining Unicode char U+0498 (decimal 1176)
   defining Unicode char U+0499 (decimal 1177)
   defining Unicode char U+049A (decimal 1178)
   defining Unicode char U+049B (decimal 1179)
   defining Unicode char U+049C (decimal 1180)
   defining Unicode char U+049D (decimal 1181)
   defining Unicode char U+04A0 (decimal 1184)
   defining Unicode char U+04A1 (decimal 1185)
   defining Unicode char U+04A2 (decimal 1186)
   defining Unicode char U+04A3 (decimal 1187)
   defining Unicode char U+04A4 (decimal 1188)
   defining Unicode char U+04A5 (decimal 1189)
   defining Unicode char U+04AA (decimal 1194)
   defining Unicode char U+04AB (decimal 1195)
   defining Unicode char U+04AE (decimal 1198)
   defining Unicode char U+04AF (decimal 1199)
   defining Unicode char U+04B0 (decimal 1200)
   defining Unicode char U+04B1 (decimal 1201)
   defining Unicode char U+04B2 (decimal 1202)
   defining Unicode char U+04B3 (decimal 1203)
   defining Unicode char U+04B6 (decimal 1206)
   defining Unicode char U+04B7 (decimal 1207)
   defining Unicode char U+04B8 (decimal 1208)
   defining Unicode char U+04B9 (decimal 1209)
   defining Unicode char U+04BA (decimal 1210)
   defining Unicode char U+04BB (decimal 1211)
   defining Unicode char U+04C0 (decimal 1216)
   defining Unicode char U+04C1 (decimal 1217)
   defining Unicode char U+04C2 (decimal 1218)
   defining Unicode char U+04D0 (decimal 1232)
   defining Unicode char U+04D1 (decimal 1233)
   defining Unicode char U+04D2 (decimal 1234)
   defining Unicode char U+04D3 (decimal 1235)
   defining Unicode char U+04D4 (decimal 1236)
   defining Unicode char U+04D5 (decimal 1237)
   defining Unicode char U+04D6 (decimal 1238)
   defining Unicode char U+04D7 (decimal 1239)
   defining Unicode char U+04D8 (decimal 1240)
   defining Unicode char U+04D9 (decimal 1241)
   defining Unicode char U+04DA (decimal 1242)
   defining Unicode char U+04DB (decimal 1243)
   defining Unicode char U+04DC (decimal 1244)
   defining Unicode char U+04DD (decimal 1245)
   defining Unicode char U+04DE (decimal 1246)
   defining Unicode char U+04DF (decimal 1247)
   defining Unicode char U+04E2 (decimal 1250)
   defining Unicode char U+04E3 (decimal 1251)
   defining Unicode char U+04E4 (decimal 1252)
   defining Unicode char U+04E5 (decimal 1253)
   defining Unicode char U+04E6 (decimal 1254)
   defining Unicode char U+04E7 (decimal 1255)
   defining Unicode char U+04E8 (decimal 1256)
   defining Unicode char U+04E9 (decimal 1257)
   defining Unicode char U+04EC (decimal 1260)
   defining Unicode char U+04ED (decimal 1261)
   defining Unicode char U+04EE (decimal 1262)
   defining Unicode char U+04EF (decimal 1263)
   defining Unicode char U+04F0 (decimal 1264)
   defining Unicode char U+04F1 (decimal 1265)
   defining Unicode char U+04F2 (decimal 1266)
   defining Unicode char U+04F3 (decimal 1267)
   defining Unicode char U+04F4 (decimal 1268)
   defining Unicode char U+04F5 (decimal 1269)
   defining Unicode char U+04F8 (decimal 1272)
   defining Unicode char U+04F9 (decimal 1273)
   defining Unicode char U+200C (decimal 8204)
   defining Unicode char U+2013 (decimal 8211)
   defining Unicode char U+2014 (decimal 8212)
   defining Unicode char U+2018 (decimal 8216)
   defining Unicode char U+2019 (decimal 8217)
   defining Unicode char U+201C (decimal 8220)
   defining Unicode char U+201D (decimal 8221)
   defining Unicode char U+201E (decimal 8222)
   defining Unicode char U+2030 (decimal 8240)
   defining Unicode char U+2031 (decimal 8241)
   defining Unicode char U+2116 (decimal 8470)
   defining Unicode char U+2329 (decimal 9001)
   defining Unicode char U+232A (decimal 9002)
   defining Unicode char U+2423 (decimal 9251)
))
LaTeX Font Info:    Try loading font information for T2A+cmr on input line 100.


(/usr/share/texlive/texmf-dist/tex/latex/cyrillic/t2acmr.fd
File: t2acmr.fd 2001/08/11 v1.0a Computer Modern Cyrillic font definitions
)<<t2a.cmap>>)
(/usr/share/texlive/texmf-dist/tex/generic/babel/babel.sty
Package: babel 2013/12/03 3.9h The Babel package

(/usr/share/texlive/texmf-dist/tex/generic/babel-russian/russianb.ldf
Language: russian 2013/04/13 1.3a Russian support from the babel system

(/usr/share/texlive/texmf-dist/tex/generic/babel/babel.def
File: babel.def 2013/12/03 3.9h Babel common definitions
\babel@savecnt=\count115
\U@D=\dimen125
)
Package babel Info: Making " an active character on input line 147.
))
(/usr/share/texlive/texmf-dist/tex/latex/multirow/multirow.sty
\bigstrutjot=\dimen126
)
(/usr/share/texmf/tex/latex/xcolor/xcolor.sty
Package: xcolor 2007/01/21 v2.11 LaTeX color extensions (UK)

(/usr/share/texlive/texmf-dist/tex/latex/latexconfig/color.cfg
File: color.cfg 2007/01/18 v1.5 color configuration of teTeX/TeXLive
)
Package xcolor Info: Driver file: pdftex.def on input line 225.

(/usr/share/texlive/texmf-dist/tex/latex/colortbl/colortbl.sty
Package: colortbl 2012/02/13 v1.0a Color table columns (DPC)

(/usr/share/texlive/texmf-dist/tex/latex/tools/array.sty
Package: array 2008/09/09 v2.4c Tabular extension package (FMi)
\col@sep=\dimen127
\extrarowheight=\dimen128
\NC@list=\toks26
\extratabsurround=\skip47
\backup@length=\skip48
)
\everycr=\toks27
\minrowclearance=\skip49
)
\rownum=\count116
Package xcolor Info: Model `cmy' substituted by `cmy0' on input line 1337.
Package xcolor Info: Model `hsb' substituted by `rgb' on input line 1341.
Package xcolor Info: Model `RGB' extended on input line 1353.
Package xcolor Info: Model `HTML' substituted by `rgb' on input line 1355.
Package xcolor Info: Model `Hsb' substituted by `hsb' on input line 1356.
Package xcolor Info: Model `tHsb' substituted by `hsb' on input line 1357.
Package xcolor Info: Model `HSB' substituted by `hsb' on input line 1358.
Package xcolor Info: Model `Gray' substituted by `gray' on input line 1359.
Package xcolor Info: Model `wave' substituted by `hsb' on input line 1360.
)
(/usr/share/texlive/texmf-dist/tex/latex/tabu/tabu.sty
Package: tabu 2011/02/26 v2.8 - flexible LaTeX tabulars (FC)

(/usr/share/texlive/texmf-dist/tex/latex/varwidth/varwidth.sty
Package: varwidth 2009/03/30 ver 0.92;  Variable-width minipages
\@vwid@box=\box30
\sift@deathcycles=\count117
\@vwid@loff=\dimen129
\@vwid@roff=\dimen130
)
\c@taburow=\count118
\tabu@nbcols=\count119
\tabu@cnt=\count120
\tabu@Xcol=\count121
\tabu@alloc=\count122
\tabu@nested=\count123
\tabu@target=\dimen131
\tabu@spreadtarget=\dimen132
\tabu@naturalX=\dimen133
\tabucolX=\dimen134
\tabu@Xsum=\dimen135
\extrarowdepth=\dimen136
\abovetabulinesep=\dimen137
\belowtabulinesep=\dimen138
\tabustrutrule=\dimen139
\tabu@thebody=\toks28
\tabu@footnotes=\toks29
\tabu@box=\box31
\tabu@arstrutbox=\box32
\tabu@hleads=\box33
\tabu@vleads=\box34
\tabu@cellskip=\skip50
)
(/usr/share/texlive/texmf-dist/tex/latex/geometry/geometry.sty
Package: geometry 2010/09/12 v5.6 Page Geometry
\Gm@cnth=\count124
\Gm@cntv=\count125
\c@Gm@tempcnt=\count126
\Gm@bindingoffset=\dimen140
\Gm@wd@mp=\dimen141
\Gm@odd@mp=\dimen142
\Gm@even@mp=\dimen143
\Gm@layoutwidth=\dimen144
\Gm@layoutheight=\dimen145
\Gm@layouthoffset=\dimen146
\Gm@layoutvoffset=\dimen147
\Gm@dimlist=\toks30
) (./main.aux)
\openout1 = `main.aux'.

LaTeX Font Info:    Checking defaults for OML/cmm/m/it on input line 42.
LaTeX Font Info:    ... okay on input line 42.
LaTeX Font Info:    Checking defaults for T1/cmr/m/n on input line 42.
LaTeX Font Info:    ... okay on input line 42.
LaTeX Font Info:    Checking defaults for OT1/cmr/m/n on input line 42.
LaTeX Font Info:    ... okay on input line 42.
LaTeX Font Info:    Checking defaults for OMS/cmsy/m/n on input line 42.
LaTeX Font Info:    ... okay on input line 42.
LaTeX Font Info:    Checking defaults for OMX/cmex/m/n on input line 42.
LaTeX Font Info:    ... okay on input line 42.
LaTeX Font Info:    Checking defaults for U/cmr/m/n on input line 42.
LaTeX Font Info:    ... okay on input line 42.
LaTeX Font Info:    Checking defaults for PD1/pdf/m/n on input line 42.
LaTeX Font Info:    ... okay on input line 42.
LaTeX Font Info:    Checking defaults for PU/pdf/m/n on input line 42.
LaTeX Font Info:    ... okay on input line 42.
LaTeX Font Info:    Checking defaults for T2A/cmr/m/n on input line 42.
LaTeX Font Info:    ... okay on input line 42.

(/usr/share/texlive/texmf-dist/tex/context/base/supp-pdf.mkii
[Loading MPS to PDF converter (version 2006.09.02).]
\scratchcounter=\count127
\scratchdimen=\dimen148
\scratchbox=\box35
\nofMPsegments=\count128
\nofMParguments=\count129
\everyMPshowfont=\toks31
\MPscratchCnt=\count130
\MPscratchDim=\dimen149
\MPnumerator=\count131
\makeMPintoPDFobject=\count132
\everyMPtoPDFconversion=\toks32
) (/usr/share/texlive/texmf-dist/tex/latex/oberdiek/epstopdf-base.sty
Package: epstopdf-base 2010/02/09 v2.5 Base part for package epstopdf

(/usr/share/texlive/texmf-dist/tex/latex/oberdiek/grfext.sty
Package: grfext 2010/08/19 v1.1 Manage graphics extensions (HO)
)
Package grfext Info: Graphics extension search list:
(grfext)             [.png,.jpg,.pdf,.eps]
(grfext)             \AppendGraphicsExtensions on input line 452.

(/usr/share/texlive/texmf-dist/tex/latex/latexconfig/epstopdf-sys.cfg
File: epstopdf-sys.cfg 2010/07/13 v1.3 Configuration of (r)epstopdf for TeX Liv
e
))
Package caption Info: Begin \AtBeginDocument code.
Package caption Info: float package is loaded.
Package caption Info: hyperref package is loaded.
Package caption Info: End \AtBeginDocument code.
\AtBeginShipoutBox=\box36
Package hyperref Info: Link coloring OFF on input line 42.

(/usr/share/texlive/texmf-dist/tex/latex/hyperref/nameref.sty
Package: nameref 2012/10/27 v2.43 Cross-referencing by name of section

(/usr/share/texlive/texmf-dist/tex/generic/oberdiek/gettitlestring.sty
Package: gettitlestring 2010/12/03 v1.4 Cleanup title references (HO)
)
\c@section@level=\count133
)
LaTeX Info: Redefining \ref on input line 42.
LaTeX Info: Redefining \pageref on input line 42.
LaTeX Info: Redefining \nameref on input line 42.

(./main.out) (./main.out)
\@outlinefile=\write3
\openout3 = `main.out'.


*geometry* driver: auto-detecting
*geometry* detected driver: pdftex
*geometry* verbose mode - [ preamble ] result:
* driver: pdftex
* paper: a4paper
* layout: <same size as paper>
* layoutoffset:(h,v)=(0.0pt,0.0pt)
* modes: 
* h-part:(L,W,R)=(56.9055pt, 483.69687pt, 56.9055pt)
* v-part:(T,H,B)=(56.9055pt, 731.23584pt, 56.9055pt)
* \paperwidth=597.50787pt
* \paperheight=845.04684pt
* \textwidth=483.69687pt
* \textheight=731.23584pt
* \oddsidemargin=-15.36449pt
* \evensidemargin=-15.36449pt
* \topmargin=-52.36449pt
* \headheight=12.0pt
* \headsep=25.0pt
* \topskip=12.0pt
* \footskip=30.0pt
* \marginparwidth=35.0pt
* \marginparsep=10.0pt
* \columnsep=10.0pt
* \skip\footins=10.8pt plus 4.0pt minus 2.0pt
* \hoffset=0.0pt
* \voffset=0.0pt
* \mag=1000
* \@twocolumnfalse
* \@twosidefalse
* \@mparswitchfalse
* \@reversemarginfalse
* (1in=72.27pt=25.4mm, 1cm=28.453pt)

(./TitleList.tex) [1


{/var/lib/texmf/fonts/map/pdftex/updmap/pdftex.map}]
(./main.toc<<ot1.cmap>><<oml.cmap>><<oms.cmap>><<omx.cmap>>)
\tf@toc=\write4
\openout4 = `main.toc'.


(./chapters/Introduction.tex [2

]
<./figures/UAV_Reaper.png, id=107, 256.5585pt x 171.039pt>
File: ./figures/UAV_Reaper.png Graphic file (type png)

<use ./figures/UAV_Reaper.png>
Package pdftex.def Info: ./figures/UAV_Reaper.png used on input line 11.
(pdftex.def)             Requested size: 227.3381pt x 151.56393pt.

<./figures/UAV_RQ7.png, id=108, 606.265pt x 272.01625pt>
File: ./figures/UAV_RQ7.png Graphic file (type png)

<use ./figures/UAV_RQ7.png>
Package pdftex.def Info: ./figures/UAV_RQ7.png used on input line 17.
(pdftex.def)             Requested size: 227.3381pt x 102.00168pt.
LaTeX Font Info:    Try loading font information for OMS+cmr on input line 27.

(/usr/share/texlive/texmf-dist/tex/latex/base/omscmr.fd
File: omscmr.fd 1999/05/25 v2.5h Standard LaTeX font definitions
)
LaTeX Font Info:    Font shape `OMS/cmr/m/n' in size <12> not available
(Font)              Font shape `OMS/cmsy/m/n' tried instead on input line 27.
 [3

 <./figures/UAV_Reaper.png> <./figures/UAV_RQ7.png>]
<./figures/UAV_X45.png, id=120, 803.0pt x 350.30875pt>
File: ./figures/UAV_X45.png Graphic file (type png)

<use ./figures/UAV_X45.png>
Package pdftex.def Info: ./figures/UAV_X45.png used on input line 58.
(pdftex.def)             Requested size: 227.3381pt x 99.17621pt.

<./figures/UAV_X47.png, id=121, 481.0773pt x 320.6379pt>
File: ./figures/UAV_X47.png Graphic file (type png)

<use ./figures/UAV_X47.png>
Package pdftex.def Info: ./figures/UAV_X47.png used on input line 65.
(pdftex.def)             Requested size: 227.3381pt x 151.52176pt.

<./figures/BPS_Catia.png, id=124, 986.68625pt x 456.70625pt>
File: ./figures/BPS_Catia.png Graphic file (type png)

<use ./figures/BPS_Catia.png>
Package pdftex.def Info: ./figures/BPS_Catia.png used on input line 82.
(pdftex.def)             Requested size: 386.95897pt x 179.11125pt.
 (./figures/OriginalSectionWithEngine.pdf_tex
<./figures/OriginalSectionWithEngine.pdf, id=126, 540.60233pt x 199.1693pt>
File: ./figures/OriginalSectionWithEngine.pdf Graphic file (type pdf)

<use ./figures/OriginalSectionWithEngine.pdf>
Package pdftex.def Info: ./figures/OriginalSectionWithEngine.pdf used on input 
line 52.
(pdftex.def)             Requested size: 540.60236pt x 199.18094pt.
)
Overfull \hbox (56.90549pt too wide) in paragraph at lines 57--99
 [][] 
 []

[4 <./figures/UAV_X45.png> <./figures/UAV_X47.png>] [5 <./figures/BPS_Catia.png
> <./figures/OriginalSectionWithEngine.pdf>])
(./chapters/DevelopmentOfConstruction.tex [6]
{\cyrillictext \CYRG \cyrl \cyra \cyrv \cyra } 1.

Overfull \hbox (1.3625pt too wide) in paragraph at lines 3--4
[]\T2A/cmr/m/n/12 В этой гла-ве рас-смат-ри-ва-ет-ся за-да-ча мно-го-дис-ци-пли
-нар-но-го про-ек-ти-ро-ва-ния кон-струк-
 []

(./sections/requirements.tex
<./figures/BPS_Catia_Full.png, id=148, 1776.6375pt x 532.99126pt>
File: ./figures/BPS_Catia_Full.png Graphic file (type png)

<use ./figures/BPS_Catia_Full.png>
Package pdftex.def Info: ./figures/BPS_Catia_Full.png used on input line 19.
(pdftex.def)             Requested size: 483.69687pt x 145.10507pt.
 [7

 <./figures/BPS_Catia_Full.png>])
(./sections/compoundScheme.tex (./figures/BPS_Catia_Top.pdf_tex
<./figures/BPS_Catia_Top.pdf, id=160, 517.29086pt x 279.2761pt>
File: ./figures/BPS_Catia_Top.pdf Graphic file (type pdf)

<use ./figures/BPS_Catia_Top.pdf>
Package pdftex.def Info: ./figures/BPS_Catia_Top.pdf used on input line 52.
(pdftex.def)             Requested size: 435.32422pt x 235.02498pt.

Overfull \hbox (2.29633pt too wide) in paragraph at lines 54--54
[]\T2A/cmr/m/n/12 5.3м  
 []


Overfull \hbox (14.8374pt too wide) in paragraph at lines 55--55
[]\T2A/cmr/m/n/12 9.4м  
 []

) (./figures/BPS_Catia_Front.pdf_tex
<./figures/BPS_Catia_Front.pdf, id=163, 436.2358pt x 166.44862pt>
File: ./figures/BPS_Catia_Front.pdf Graphic file (type pdf)

<use ./figures/BPS_Catia_Front.pdf>
Package pdftex.def Info: ./figures/BPS_Catia_Front.pdf used on input line 52.
(pdftex.def)             Requested size: 436.23576pt x 166.45328pt.
) [8 <./figures/BPS_Catia_Top.pdf>]
(./figures/BPS_Catia_WithoutSkin.pdf_tex
<./figures/BPS_Catia_WithoutSkin.pdf, id=180, 579.48637pt x 327.33017pt>
File: ./figures/BPS_Catia_WithoutSkin.pdf Graphic file (type pdf)

<use ./figures/BPS_Catia_WithoutSkin.pdf>
Package pdftex.def Info: ./figures/BPS_Catia_WithoutSkin.pdf used on input line
 52.
(pdftex.def)             Requested size: 435.32422pt x 245.90158pt.
) [9 <./figures/BPS_Catia_Front.pdf> <./figures/BPS_Catia_WithoutSkin.pdf

pdfTeX warning: pdflatex (file ./figures/BPS_Catia_WithoutSkin.pdf): PDF inclus
ion: multiple pdfs with page group included in a single page
>] (./figures/BPS_Catia_Top_WithoutSkin.pdf_tex
<./figures/BPS_Catia_Top_WithoutSkin.pdf, id=199, 425.68956pt x 282.1341pt>
File: ./figures/BPS_Catia_Top_WithoutSkin.pdf Graphic file (type pdf)

<use ./figures/BPS_Catia_Top_WithoutSkin.pdf>
Package pdftex.def Info: ./figures/BPS_Catia_Top_WithoutSkin.pdf used on input 
line 52.
(pdftex.def)             Requested size: 435.32422pt x 288.51773pt.
)
(./figures/BPS_Catia_Top_PartRoles.pdf_tex
<./figures/BPS_Catia_Top_PartRoles.pdf, id=201, 456.35916pt x 283.61096pt>
File: ./figures/BPS_Catia_Top_PartRoles.pdf Graphic file (type pdf)

<use ./figures/BPS_Catia_Top_PartRoles.pdf>
Package pdftex.def Info: ./figures/BPS_Catia_Top_PartRoles.pdf used on input li
ne 52.
(pdftex.def)             Requested size: 435.32422pt x 270.54538pt.
)) [10 <./figures/BPS_Catia_Top_WithoutSkin.pdf>] (./sections/externalLoads.tex
 (./figures/Heights.pdf_tex
<./figures/Heights.pdf, id=213, 562.1pt x 481.8pt>
File: ./figures/Heights.pdf Graphic file (type pdf)
 <use ./figures/Heights.pdf>
Package pdftex.def Info: ./figures/Heights.pdf used on input line 52.
(pdftex.def)             Requested size: 435.32422pt x 373.13382pt.
) [11 <./figures/BPS_Catia_Top_PartRoles.pdf>] (./figures/BendingMoments.pdf_te
x <./figures/BendingMoments.pdf, id=260, 562.1pt x 240.9pt>
File: ./figures/BendingMoments.pdf Graphic file (type pdf)

<use ./figures/BendingMoments.pdf>
Package pdftex.def Info: ./figures/BendingMoments.pdf used on input line 52.
(pdftex.def)             Requested size: 435.32422pt x 186.5669pt.
) (./figures/RotatingMoments.pdf_tex
<./figures/RotatingMoments.pdf, id=261, 562.1pt x 240.9pt>
File: ./figures/RotatingMoments.pdf Graphic file (type pdf)

<use ./figures/RotatingMoments.pdf>
Package pdftex.def Info: ./figures/RotatingMoments.pdf used on input line 52.
(pdftex.def)             Requested size: 435.32422pt x 186.5669pt.
) [12 <./figures/Heights.pdf> <./figures/BendingMoments.pdf

pdfTeX warning: pdflatex (file ./figures/BendingMoments.pdf): PDF inclusion: mu
ltiple pdfs with page group included in a single page
>]) (./sections/creationOfFullModel.tex (./sections/conver.tex [13 <./figures/R
otatingMoments.pdf>]
<./figures/ConverCircle.png, id=306, 284.1525pt x 191.844pt>
File: ./figures/ConverCircle.png Graphic file (type png)

<use ./figures/ConverCircle.png>
Package pdftex.def Info: ./figures/ConverCircle.png used on input line 15.
(pdftex.def)             Requested size: 290.22107pt x 195.95929pt.
 [14 <./figures/ConverCircle.png>]
Overfull \hbox (21.43031pt too wide) in paragraph at lines 36--37
[]\T2A/cmr/m/n/12 Удобство вза-и-мо-дей-ствия про-грамм-но-го ком-плек-са с дру
-ги-ми про-грам-ма-ми (см.Рис.[]1.11[]) 
 []

<./figures/InterProgramScheme.pdf, id=313, 494.91228pt x 187.6551pt>
File: ./figures/InterProgramScheme.pdf Graphic file (type pdf)

<use ./figures/InterProgramScheme.pdf>
Package pdftex.def Info: ./figures/InterProgramScheme.pdf used on input line 45
.
(pdftex.def)             Requested size: 386.95897pt x 146.72258pt.
)
<./figures/conver/list1.png, id=315, 1042.89626pt x 586.19pt>
File: ./figures/conver/list1.png Graphic file (type png)

<use ./figures/conver/list1.png>
Package pdftex.def Info: ./figures/conver/list1.png used on input line 52.
(pdftex.def)             Requested size: 386.95897pt x 217.50407pt.
 [15 <./figures/InterProgramScheme.pdf>]
<./figures/conver/list2.png, id=340, 1198.4775pt x 717.68124pt>
File: ./figures/conver/list2.png Graphic file (type png)

<use ./figures/conver/list2.png>
Package pdftex.def Info: ./figures/conver/list2.png used on input line 63.
(pdftex.def)             Requested size: 386.95897pt x 231.72145pt.

<./figures/conver/list4.png, id=342, 997.7275pt x 780.9175pt>
File: ./figures/conver/list4.png Graphic file (type png)

<use ./figures/conver/list4.png>
Package pdftex.def Info: ./figures/conver/list4.png used on input line 73.
(pdftex.def)             Requested size: 386.95897pt x 302.86455pt.
 [16 <./figures/conver/list1.png> <./figures/conver/list2.png>]
<./figures/conver/listadd.png, id=352, 1056.94875pt x 584.1825pt>
File: ./figures/conver/listadd.png Graphic file (type png)

<use ./figures/conver/listadd.png>
Package pdftex.def Info: ./figures/conver/listadd.png used on input line 87.
(pdftex.def)             Requested size: 386.95897pt x 213.8711pt.
 [17 <./figures/conver/list4.png>]
<./figures/conver/lista.png, id=361, 1017.8025pt x 668.4975pt>
File: ./figures/conver/lista.png Graphic file (type png)

<use ./figures/conver/lista.png>
Package pdftex.def Info: ./figures/conver/lista.png used on input line 104.
(pdftex.def)             Requested size: 386.95897pt x 254.15408pt.
 [18 <./figures/conver/listadd.png>]
<./figures/discreteness/0_13.png, id=370, 1900.09875pt x 777.90625pt>
File: ./figures/discreteness/0_13.png Graphic file (type png)

<use ./figures/discreteness/0_13.png>
Package pdftex.def Info: ./figures/discreteness/0_13.png used on input line 115
.
(pdftex.def)             Requested size: 386.95897pt x 158.41539pt.
) (./sections/ndsResults.tex [19 <./figures/conver/lista.png> <./figures/discre
teness/0_13.png (PNG copy)>]
(./figures/WingDeformation3.pdf_tex
<./figures/WingDeformation3.pdf, id=382, 562.1pt x 240.9pt>
File: ./figures/WingDeformation3.pdf Graphic file (type pdf)

<use ./figures/WingDeformation3.pdf>
Package pdftex.def Info: ./figures/WingDeformation3.pdf used on input line 52.
(pdftex.def)             Requested size: 435.32422pt x 186.5669pt.
) (./figures/WingRotating.pdf_tex
<./figures/WingRotating.pdf, id=383, 562.1pt x 240.9pt>
File: ./figures/WingRotating.pdf Graphic file (type pdf)

<use ./figures/WingRotating.pdf>
Package pdftex.def Info: ./figures/WingRotating.pdf used on input line 52.
(pdftex.def)             Requested size: 435.32422pt x 186.5669pt.
)
<./figures/patran/rear_deformed.jpg, id=384, 1611.01875pt x 816.04875pt>
File: ./figures/patran/rear_deformed.jpg Graphic file (type jpg)

<use ./figures/patran/rear_deformed.jpg>
Package pdftex.def Info: ./figures/patran/rear_deformed.jpg used on input line 
40.
(pdftex.def)             Requested size: 386.95897pt x 196.00513pt.
 [20 <./figures/WingDeformation3.pdf> <./figures/WingRotating.pdf

pdfTeX warning: pdflatex (file ./figures/WingRotating.pdf): PDF inclusion: mult
iple pdfs with page group included in a single page
>] <./figures/patran/bottom_iso.png, id=400, 1628.0825pt x 832.10875pt>
File: ./figures/patran/bottom_iso.png Graphic file (type png)

<use ./figures/patran/bottom_iso.png>
Package pdftex.def Info: ./figures/patran/bottom_iso.png used on input line 64.

(pdftex.def)             Requested size: 386.95897pt x 197.76755pt.

<./figures/patran/bottom_iso_noskin.png, id=401, 1628.0825pt x 832.10875pt>
File: ./figures/patran/bottom_iso_noskin.png Graphic file (type png)

<use ./figures/patran/bottom_iso_noskin.png>
Package pdftex.def Info: ./figures/patran/bottom_iso_noskin.png used on input l
ine 71.
(pdftex.def)             Requested size: 386.95897pt x 197.76755pt.

<./figures/patran/bottom_zoom.png, id=402, 1611.01875pt x 816.04875pt>
File: ./figures/patran/bottom_zoom.png Graphic file (type png)

<use ./figures/patran/bottom_zoom.png>
Package pdftex.def Info: ./figures/patran/bottom_zoom.png used on input line 79
.
(pdftex.def)             Requested size: 386.95897pt x 196.00513pt.
 [21 <./figures/patran/rear_deformed.jpg> <./figures/patran/bottom_iso.png> <./
figures/patran/bottom_iso_noskin.png>]
<./figures/patran/top_iso.png, id=411, 1628.0825pt x 832.10875pt>
File: ./figures/patran/top_iso.png Graphic file (type png)

<use ./figures/patran/top_iso.png>
Package pdftex.def Info: ./figures/patran/top_iso.png used on input line 87.
(pdftex.def)             Requested size: 386.95897pt x 197.76755pt.

<./figures/patran/top_iso_noskin.png, id=412, 1628.0825pt x 832.10875pt>
File: ./figures/patran/top_iso_noskin.png Graphic file (type png)

<use ./figures/patran/top_iso_noskin.png>
Package pdftex.def Info: ./figures/patran/top_iso_noskin.png used on input line
 94.
(pdftex.def)             Requested size: 386.95897pt x 197.76755pt.
 (./sections/problemOfPants.tex
(./figures/IsoviewOfPants.pdf_tex
<./figures/IsoviewOfPants.pdf, id=413, 515.2743pt x 263.35535pt>
File: ./figures/IsoviewOfPants.pdf Graphic file (type pdf)

<use ./figures/IsoviewOfPants.pdf>
Package pdftex.def Info: ./figures/IsoviewOfPants.pdf used on input line 52.
(pdftex.def)             Requested size: 483.69687pt x 247.22453pt.

Overfull \hbox (9.77344pt too wide) in paragraph at lines 54--54
 []\T2A/cmr/m/n/12 центроплан 
 []

) [22 <./figures/patran/bottom_zoom.png (PNG copy)> <./figures/patran/top_iso.p
ng> <./figures/patran/top_iso_noskin.png>]
(./figures/IsoviewOfPantsModel.pdf_tex
<./figures/IsoviewOfPantsModel.pdf, id=424, 192.7163pt x 202.61603pt>
File: ./figures/IsoviewOfPantsModel.pdf Graphic file (type pdf)

<use ./figures/IsoviewOfPantsModel.pdf>
Package pdftex.def Info: ./figures/IsoviewOfPantsModel.pdf used on input line 5
2.
(pdftex.def)             Requested size: 192.7163pt x 202.62788pt.

Overfull \hbox (1.14963pt too wide) in paragraph at lines 53--53
[]\T2A/cmr/m/n/12 1402мм  
 []


Overfull \hbox (11.79466pt too wide) in paragraph at lines 54--54
[]\T2A/cmr/m/n/12 1300мм  
 []


Overfull \hbox (1.15552pt too wide) in paragraph at lines 55--55
[]\T2A/cmr/m/n/12 1009мм  
 []

) [23 <./figures/IsoviewOfPants.pdf> <./figures/IsoviewOfPantsModel.pdf

pdfTeX warning: pdflatex (file ./figures/IsoviewOfPantsModel.pdf): PDF inclusio
n: multiple pdfs with page group included in a single page
>])) (./sections/rationalParamsOfKSS.tex
(./figures/EpureDistributedLoadN1Top.pdf_tex
<./figures/EpureDistributedLoadN1Top.pdf, id=441, 281.05pt x 200.75pt>
File: ./figures/EpureDistributedLoadN1Top.pdf Graphic file (type pdf)

<use ./figures/EpureDistributedLoadN1Top.pdf>
Package pdftex.def Info: ./figures/EpureDistributedLoadN1Top.pdf used on input 
line 52.
(pdftex.def)             Requested size: 237.01411pt x 169.29662pt.


LaTeX Warning: Command \CYRP invalid in math mode on input line 75.


LaTeX Warning: Command \cyro invalid in math mode on input line 75.


LaTeX Warning: Command \cyrg invalid in math mode on input line 75.


LaTeX Warning: Command \cyro invalid in math mode on input line 75.


LaTeX Warning: Command \cyrn invalid in math mode on input line 75.


LaTeX Warning: Command \cyrn invalid in math mode on input line 75.


LaTeX Warning: Command \cyrery invalid in math mode on input line 75.


LaTeX Warning: Command \cyre invalid in math mode on input line 75.


LaTeX Warning: Command \cyru invalid in math mode on input line 75.


LaTeX Warning: Command \cyrs invalid in math mode on input line 75.


LaTeX Warning: Command \cyri invalid in math mode on input line 75.


LaTeX Warning: Command \cyrl invalid in math mode on input line 75.


LaTeX Warning: Command \cyri invalid in math mode on input line 75.


LaTeX Warning: Command \cyrya invalid in math mode on input line 75.


LaTeX Warning: Command \cyrv invalid in math mode on input line 75.


LaTeX Warning: Command \cyrp invalid in math mode on input line 75.


LaTeX Warning: Command \cyra invalid in math mode on input line 75.


LaTeX Warning: Command \cyrn invalid in math mode on input line 75.


LaTeX Warning: Command \cyre invalid in math mode on input line 75.


LaTeX Warning: Command \cyrl invalid in math mode on input line 75.


LaTeX Warning: Command \cyrya invalid in math mode on input line 75.


LaTeX Warning: Command \cyrh invalid in math mode on input line 75.

Missing character: There is no П in font cmr10!
Missing character: There is no о in font cmr10!
Missing character: There is no г in font cmr10!
Missing character: There is no о in font cmr10!
Missing character: There is no н in font cmr10!
Missing character: There is no н in font cmr10!
Missing character: There is no ы in font cmr10!
Missing character: There is no е in font cmr10!
Missing character: There is no у in font cmr10!
Missing character: There is no с in font cmr10!
Missing character: There is no и in font cmr10!
Missing character: There is no л in font cmr10!
Missing character: There is no и in font cmr10!
Missing character: There is no я in font cmr10!
Missing character: There is no в in font cmr10!
Missing character: There is no п in font cmr10!
Missing character: There is no а in font cmr10!
Missing character: There is no н in font cmr10!
Missing character: There is no е in font cmr10!
Missing character: There is no л in font cmr10!
Missing character: There is no я in font cmr10!
Missing character: There is no х in font cmr10!
) (./figures/EpureDistributedLoadN1Bottom.pdf_tex
<./figures/EpureDistributedLoadN1Bottom.pdf, id=442, 281.05pt x 200.75pt>
File: ./figures/EpureDistributedLoadN1Bottom.pdf Graphic file (type pdf)

<use ./figures/EpureDistributedLoadN1Bottom.pdf>
Package pdftex.def Info: ./figures/EpureDistributedLoadN1Bottom.pdf used on inp
ut line 52.
(pdftex.def)             Requested size: 237.01411pt x 169.29662pt.


LaTeX Warning: Command \CYRP invalid in math mode on input line 74.


LaTeX Warning: Command \cyro invalid in math mode on input line 74.


LaTeX Warning: Command \cyrg invalid in math mode on input line 74.


LaTeX Warning: Command \cyro invalid in math mode on input line 74.


LaTeX Warning: Command \cyrn invalid in math mode on input line 74.


LaTeX Warning: Command \cyrn invalid in math mode on input line 74.


LaTeX Warning: Command \cyrery invalid in math mode on input line 74.


LaTeX Warning: Command \cyre invalid in math mode on input line 74.


LaTeX Warning: Command \cyru invalid in math mode on input line 74.


LaTeX Warning: Command \cyrs invalid in math mode on input line 74.


LaTeX Warning: Command \cyri invalid in math mode on input line 74.


LaTeX Warning: Command \cyrl invalid in math mode on input line 74.


LaTeX Warning: Command \cyri invalid in math mode on input line 74.


LaTeX Warning: Command \cyrya invalid in math mode on input line 74.


LaTeX Warning: Command \cyrv invalid in math mode on input line 74.


LaTeX Warning: Command \cyrp invalid in math mode on input line 74.


LaTeX Warning: Command \cyra invalid in math mode on input line 74.


LaTeX Warning: Command \cyrn invalid in math mode on input line 74.


LaTeX Warning: Command \cyre invalid in math mode on input line 74.


LaTeX Warning: Command \cyrl invalid in math mode on input line 74.


LaTeX Warning: Command \cyrya invalid in math mode on input line 74.


LaTeX Warning: Command \cyrh invalid in math mode on input line 74.

Missing character: There is no П in font cmr12!
Missing character: There is no о in font cmr12!
Missing character: There is no г in font cmr12!
Missing character: There is no о in font cmr12!
Missing character: There is no н in font cmr12!
Missing character: There is no н in font cmr12!
Missing character: There is no ы in font cmr12!
Missing character: There is no е in font cmr12!
Missing character: There is no у in font cmr12!
Missing character: There is no с in font cmr12!
Missing character: There is no и in font cmr12!
Missing character: There is no л in font cmr12!
Missing character: There is no и in font cmr12!
Missing character: There is no я in font cmr12!
Missing character: There is no в in font cmr12!
Missing character: There is no п in font cmr12!
Missing character: There is no а in font cmr12!
Missing character: There is no н in font cmr12!
Missing character: There is no е in font cmr12!
Missing character: There is no л in font cmr12!
Missing character: There is no я in font cmr12!
Missing character: There is no х in font cmr12!
) (./figures/EpureDistributedWeightTop.pdf_tex
<./figures/EpureDistributedWeightTop.pdf, id=443, 281.05pt x 200.75pt>
File: ./figures/EpureDistributedWeightTop.pdf Graphic file (type pdf)

<use ./figures/EpureDistributedWeightTop.pdf>
Package pdftex.def Info: ./figures/EpureDistributedWeightTop.pdf used on input 
line 52.
(pdftex.def)             Requested size: 237.01411pt x 169.29662pt.


LaTeX Warning: Command \CYRP invalid in math mode on input line 74.


LaTeX Warning: Command \cyro invalid in math mode on input line 74.


LaTeX Warning: Command \cyrg invalid in math mode on input line 74.


LaTeX Warning: Command \cyro invalid in math mode on input line 74.


LaTeX Warning: Command \cyrn invalid in math mode on input line 74.


LaTeX Warning: Command \cyrn invalid in math mode on input line 74.


LaTeX Warning: Command \cyrery invalid in math mode on input line 74.


LaTeX Warning: Command \cyrishrt invalid in math mode on input line 74.


LaTeX Warning: Command \cyrv invalid in math mode on input line 74.


LaTeX Warning: Command \cyre invalid in math mode on input line 74.


LaTeX Warning: Command \cyrs invalid in math mode on input line 74.

Missing character: There is no П in font cmr12!
Missing character: There is no о in font cmr12!
Missing character: There is no г in font cmr12!
Missing character: There is no о in font cmr12!
Missing character: There is no н in font cmr12!
Missing character: There is no н in font cmr12!
Missing character: There is no ы in font cmr12!
Missing character: There is no й in font cmr12!
Missing character: There is no в in font cmr12!
Missing character: There is no е in font cmr12!
Missing character: There is no с in font cmr12!
) (./figures/EpureDistributedWeightBottom.pdf_tex
<./figures/EpureDistributedWeightBottom.pdf, id=444, 281.05pt x 200.75pt>
File: ./figures/EpureDistributedWeightBottom.pdf Graphic file (type pdf)

<use ./figures/EpureDistributedWeightBottom.pdf>
Package pdftex.def Info: ./figures/EpureDistributedWeightBottom.pdf used on inp
ut line 52.
(pdftex.def)             Requested size: 237.01411pt x 169.29662pt.


LaTeX Warning: Command \CYRP invalid in math mode on input line 72.


LaTeX Warning: Command \cyro invalid in math mode on input line 72.


LaTeX Warning: Command \cyrg invalid in math mode on input line 72.


LaTeX Warning: Command \cyro invalid in math mode on input line 72.


LaTeX Warning: Command \cyrn invalid in math mode on input line 72.


LaTeX Warning: Command \cyrn invalid in math mode on input line 72.


LaTeX Warning: Command \cyrery invalid in math mode on input line 72.


LaTeX Warning: Command \cyrishrt invalid in math mode on input line 72.


LaTeX Warning: Command \cyrv invalid in math mode on input line 72.


LaTeX Warning: Command \cyre invalid in math mode on input line 72.


LaTeX Warning: Command \cyrs invalid in math mode on input line 72.

Missing character: There is no П in font cmr12!
Missing character: There is no о in font cmr12!
Missing character: There is no г in font cmr12!
Missing character: There is no о in font cmr12!
Missing character: There is no н in font cmr12!
Missing character: There is no н in font cmr12!
Missing character: There is no ы in font cmr12!
Missing character: There is no й in font cmr12!
Missing character: There is no в in font cmr12!
Missing character: There is no е in font cmr12!
Missing character: There is no с in font cmr12!
) [24])) (./chapters/KessonTask.tex [25 <./figures/EpureDistributedLoadN1Top.pd
f> <./figures/EpureDistributedLoadN1Bottom.pdf

pdfTeX warning: pdflatex (file ./figures/EpureDistributedLoadN1Bottom.pdf): PDF
 inclusion: multiple pdfs with page group included in a single page
> <./figures/EpureDistributedWeightTop.pdf

pdfTeX warning: pdflatex (file ./figures/EpureDistributedWeightTop.pdf): PDF in
clusion: multiple pdfs with page group included in a single page
> <./figures/EpureDistributedWeightBottom.pdf

pdfTeX warning: pdflatex (file ./figures/EpureDistributedWeightBottom.pdf): PDF
 inclusion: multiple pdfs with page group included in a single page
>]
{\cyrillictext \CYRG \cyrl \cyra \cyrv \cyra } 2.
(./sections/creationOfModel.tex
<./figures/BPLAfullModel.png, id=479, 1611.01875pt x 614.295pt>
File: ./figures/BPLAfullModel.png Graphic file (type png)

<use ./figures/BPLAfullModel.png>
Package pdftex.def Info: ./figures/BPLAfullModel.png used on input line 9.
(pdftex.def)             Requested size: 435.32422pt x 165.99309pt.

<./figures/centroplan.png, id=480, 1611.01875pt x 614.295pt>
File: ./figures/centroplan.png Graphic file (type png)

<use ./figures/centroplan.png>
Package pdftex.def Info: ./figures/centroplan.png used on input line 16.
(pdftex.def)             Requested size: 435.32422pt x 165.99309pt.

<./figures/simplifiedCentroplan.png, id=481, 1611.01875pt x 614.295pt>
File: ./figures/simplifiedCentroplan.png Graphic file (type png)

<use ./figures/simplifiedCentroplan.png>
Package pdftex.def Info: ./figures/simplifiedCentroplan.png used on input line 
23.
(pdftex.def)             Requested size: 435.32422pt x 165.99309pt.
 [26

 <./figures/BPLAfullModel.png>]
(./figures/KessSectionExample.pdf_tex
<./figures/KessSectionExample.pdf, id=491, 551.57521pt x 228.9926pt>
File: ./figures/KessSectionExample.pdf Graphic file (type pdf)

<use ./figures/KessSectionExample.pdf>
Package pdftex.def Info: ./figures/KessSectionExample.pdf used on input line 52
.
(pdftex.def)             Requested size: 483.69687pt x 200.81526pt.

Overfull \hbox (21.02322pt too wide) in paragraph at lines 68--68
[]$[]$  
 []


Overfull \hbox (9.10834pt too wide) in paragraph at lines 72--72
 []$\OML/cmm/m/it/12 y\OT1/cmr/m/n/12 [[]]$ 
 []

)) (./sections/calculationOfModel.tex [27 <./figures/centroplan.png> <./figures
/simplifiedCentroplan.png>] (./figures/optimalSection.pdf_tex
<./figures/optimalSection.pdf, id=504, 300.86276pt x 97.46468pt>
File: ./figures/optimalSection.pdf Graphic file (type pdf)

<use ./figures/optimalSection.pdf>
Package pdftex.def Info: ./figures/optimalSection.pdf used on input line 52.
(pdftex.def)             Requested size: 435.32422pt x 141.03163pt.
)
LaTeX Font Info:    Calculating math sizes for size <11> on input line 26.


LaTeX Font Warning: Font shape `OT1/cmr/m/n' in size <5.5> not available
(Font)              size <5> substituted on input line 26.


LaTeX Font Warning: Font shape `OML/cmm/m/it' in size <5.5> not available
(Font)              size <5> substituted on input line 26.


LaTeX Font Warning: Font shape `OMS/cmsy/m/n' in size <5.5> not available
(Font)              size <5> substituted on input line 26.

(./data/massTableComparison.tex) (./data/massTableComparison.tex)
(./data/massTableComparison.tex)
Overfull \hbox (8.2762pt too wide) in paragraph at lines 26--32
[][] 
 []

(./data/massSquareTableNormed.tex) (./data/massSquareTableNormed.tex)
Overfull \hbox (2.71938pt too wide) in paragraph at lines 73--73
 []\T2A/cmr/m/n/10.95 Верхние 
 []


Overfull \hbox (2.26077pt too wide) in paragraph at lines 73--73
 []\T2A/cmr/m/n/10.95 Нижние 
 []


Overfull \hbox (4.23056pt too wide) in paragraph at lines 73--73
 []\T2A/cmr/m/n/10.95 Боковые 
 []


Overfull \hbox (2.71938pt too wide) in paragraph at lines 73--73
 []\T2A/cmr/m/n/10.95 Верхние 
 []


Overfull \hbox (2.26077pt too wide) in paragraph at lines 73--73
 []\T2A/cmr/m/n/10.95 Нижние 
 []


Overfull \hbox (4.23056pt too wide) in paragraph at lines 73--73
 []\T2A/cmr/m/n/10.95 Боковые 
 []

(./data/massSquareTableNormed.tex) (./figures/3dplotNormed.pdf_tex
<./figures/3dplotNormed.pdf, id=505, 558.819pt x 341.22942pt>
File: ./figures/3dplotNormed.pdf Graphic file (type pdf)

<use ./figures/3dplotNormed.pdf>
Package pdftex.def Info: ./figures/3dplotNormed.pdf used on input line 52.
(pdftex.def)             Requested size: 435.32422pt x 265.81943pt.
) (./figures/sections/1_1.pdf_tex
<./figures/sections/1_1.pdf, id=510, 321.2pt x 240.9pt>
File: ./figures/sections/1_1.pdf Graphic file (type pdf)

<use ./figures/sections/1_1.pdf>
Package pdftex.def Info: ./figures/sections/1_1.pdf used on input line 52.
(pdftex.def)             Requested size: 227.3381pt x 170.50719pt.
) (./figures/sections/1_6.pdf_tex
<./figures/sections/1_6.pdf, id=511, 321.2pt x 240.9pt>
File: ./figures/sections/1_6.pdf Graphic file (type pdf)

<use ./figures/sections/1_6.pdf>
Package pdftex.def Info: ./figures/sections/1_6.pdf used on input line 52.
(pdftex.def)             Requested size: 227.3381pt x 170.50719pt.
) (./figures/sections/7_1.pdf_tex
<./figures/sections/7_1.pdf, id=512, 321.2pt x 240.9pt>
File: ./figures/sections/7_1.pdf Graphic file (type pdf)

<use ./figures/sections/7_1.pdf>
Package pdftex.def Info: ./figures/sections/7_1.pdf used on input line 52.
(pdftex.def)             Requested size: 227.3381pt x 170.50719pt.
) (./figures/sections/7_6.pdf_tex
<./figures/sections/7_6.pdf, id=513, 321.2pt x 240.9pt>
File: ./figures/sections/7_6.pdf Graphic file (type pdf)

<use ./figures/sections/7_6.pdf>
Package pdftex.def Info: ./figures/sections/7_6.pdf used on input line 52.
(pdftex.def)             Requested size: 227.3381pt x 170.50719pt.
))) (./chapters/VariantsTask.tex [28 <./figures/KessSectionExample.pdf> <./figu
res/optimalSection.pdf

pdfTeX warning: pdflatex (file ./figures/optimalSection.pdf): PDF inclusion: mu
ltiple pdfs with page group included in a single page
>] [29 <./figures/3dplotNormed.pdf> <./figures/sections/1_1.pdf

pdfTeX warning: pdflatex (file ./figures/sections/1_1.pdf): PDF inclusion: mult
iple pdfs with page group included in a single page
> <./figures/sections/1_6.pdf

pdfTeX warning: pdflatex (file ./figures/sections/1_6.pdf): PDF inclusion: mult
iple pdfs with page group included in a single page
> <./figures/sections/7_1.pdf

pdfTeX warning: pdflatex (file ./figures/sections/7_1.pdf): PDF inclusion: mult
iple pdfs with page group included in a single page
> <./figures/sections/7_6.pdf

pdfTeX warning: pdflatex (file ./figures/sections/7_6.pdf): PDF inclusion: mult
iple pdfs with page group included in a single page
>] [30]
{\cyrillictext \CYRG \cyrl \cyra \cyrv \cyra } 3.
<./figures/variants/1_plain.png, id=543, 143.96184pt x 447.55779pt>
File: ./figures/variants/1_plain.png Graphic file (type png)

<use ./figures/variants/1_plain.png>
Package pdftex.def Info: ./figures/variants/1_plain.png used on input line 10.
(pdftex.def)             Requested size: 46.43642pt x 144.36188pt.

<./figures/variants/2_plain.png, id=544, 143.0946pt x 449.0376pt>
File: ./figures/variants/2_plain.png Graphic file (type png)

<use ./figures/variants/2_plain.png>
Package pdftex.def Info: ./figures/variants/2_plain.png used on input line 16.
(pdftex.def)             Requested size: 46.43642pt x 145.71622pt.

<./figures/variants/3_plain.png, id=545, 146.949pt x 448.074pt>
File: ./figures/variants/3_plain.png Graphic file (type png)

<use ./figures/variants/3_plain.png>
Package pdftex.def Info: ./figures/variants/3_plain.png used on input line 22.
(pdftex.def)             Requested size: 46.43642pt x 141.59529pt.

<./figures/variants/1_mke.png, id=546, 297.2706pt x 233.1912pt>
File: ./figures/variants/1_mke.png Graphic file (type png)

<use ./figures/variants/1_mke.png>
Package pdftex.def Info: ./figures/variants/1_mke.png used on input line 34.
(pdftex.def)             Requested size: 154.78653pt x 121.42023pt.

<./figures/variants/2_mke.png, id=547, 262.0992pt x 172.4844pt>
File: ./figures/variants/2_mke.png Graphic file (type png)

<use ./figures/variants/2_mke.png>
Package pdftex.def Info: ./figures/variants/2_mke.png used on input line 39.
(pdftex.def)             Requested size: 154.78653pt x 101.86491pt.

<./figures/variants/3_mke.png, id=548, 248.6088pt x 187.4202pt>
File: ./figures/variants/3_mke.png Graphic file (type png)

<use ./figures/variants/3_mke.png>
Package pdftex.def Info: ./figures/variants/3_mke.png used on input line 45.
(pdftex.def)             Requested size: 154.78653pt x 116.69406pt.
 [31

 <./figures/variants/1_plain.png> <./figures/variants/2_plain.png> <./figures/v
ariants/3_plain.png>]
<./figures/discreteness/0_4.png, id=563, 1900.09875pt x 777.90625pt>
File: ./figures/discreteness/0_4.png Graphic file (type png)

<use ./figures/discreteness/0_4.png>
Package pdftex.def Info: ./figures/discreteness/0_4.png used on input line 72.
(pdftex.def)             Requested size: 379.21812pt x 155.24612pt.


LaTeX Warning: Command \cyrs invalid in math mode on input line 73.


LaTeX Warning: Command \cyrm invalid in math mode on input line 73.

Missing character: There is no с in font cmr10!
Missing character: There is no м in font cmr10!

LaTeX Warning: Command \cyrs invalid in math mode on input line 73.


LaTeX Warning: Command \cyrm invalid in math mode on input line 73.

Missing character: There is no с in font cmr10!
Missing character: There is no м in font cmr10!
<./figures/discreteness/0_2.png, id=564, 1900.09875pt x 777.90625pt>
File: ./figures/discreteness/0_2.png Graphic file (type png)

<use ./figures/discreteness/0_2.png>
Package pdftex.def Info: ./figures/discreteness/0_2.png used on input line 77.
(pdftex.def)             Requested size: 379.21812pt x 155.24612pt.


LaTeX Warning: Command \cyrs invalid in math mode on input line 78.


LaTeX Warning: Command \cyrm invalid in math mode on input line 78.

Missing character: There is no с in font cmr10!
Missing character: There is no м in font cmr10!

LaTeX Warning: Command \cyrs invalid in math mode on input line 78.


LaTeX Warning: Command \cyrm invalid in math mode on input line 78.

Missing character: There is no с in font cmr10!
Missing character: There is no м in font cmr10!
File: ./figures/discreteness/0_13.png Graphic file (type png)
<use ./figures/discreteness/0_13.png>
Package pdftex.def Info: ./figures/discreteness/0_13.png used on input line 82.

(pdftex.def)             Requested size: 379.21812pt x 155.24612pt.


LaTeX Warning: Command \cyrs invalid in math mode on input line 83.


LaTeX Warning: Command \cyrm invalid in math mode on input line 83.

Missing character: There is no с in font cmr10!
Missing character: There is no м in font cmr10!

LaTeX Warning: Command \cyrs invalid in math mode on input line 83.


LaTeX Warning: Command \cyrm invalid in math mode on input line 83.

Missing character: There is no с in font cmr10!
Missing character: There is no м in font cmr10!

<./figures/RootOfWingWithSelectedPartsBW.png, id=565, 1041.8925pt x 898.35625pt
>
File: ./figures/RootOfWingWithSelectedPartsBW.png Graphic file (type png)
 <use ./figures/RootOfWingWithSelectedPartsBW.png>
Package pdftex.def Info: ./figures/RootOfWingWithSelectedPartsBW.png used on in
put line 96.
(pdftex.def)             Requested size: 227.3381pt x 196.02145pt.

(./figures/criticalPoints.pdf_tex
<./figures/criticalPoints.pdf, id=566, 337.7813pt x 285.37978pt>
File: ./figures/criticalPoints.pdf Graphic file (type pdf)

<use ./figures/criticalPoints.pdf>
Package pdftex.def Info: ./figures/criticalPoints.pdf used on input line 52.
(pdftex.def)             Requested size: 227.3381pt x 192.07434pt.
) (./figures/StressToDiscreteness.pdf_tex
<./figures/StressToDiscreteness.pdf, id=568, 562.1pt x 240.9pt>
File: ./figures/StressToDiscreteness.pdf Graphic file (type pdf)

<use ./figures/StressToDiscreteness.pdf>
Package pdftex.def Info: ./figures/StressToDiscreteness.pdf used on input line 
52.
(pdftex.def)             Requested size: 483.69687pt x 207.2986pt.

Overfull \hbox (22.14047pt too wide) in paragraph at lines 76--76
 []$[]$ 
 []

) [32 <./figures/variants/1_mke.png> <./figures/variants/2_mke.png (PNG copy)> 
<./figures/variants/3_mke.png (PNG copy)>]) (./chapters/Conclusion.tex [33]
[34 <./figures/discreteness/0_4.png (PNG copy)> <./figures/discreteness/0_2.png
 (PNG copy)>] [35 <./figures/RootOfWingWithSelectedPartsBW.png> <./figures/crit
icalPoints.pdf> <./figures/StressToDiscreteness.pdf

pdfTeX warning: pdflatex (file ./figures/StressToDiscreteness.pdf): PDF inclusi
on: multiple pdfs with page group included in a single page
>] [36

]) [37] (./main.lot)
\tf@lot=\write5
\openout5 = `main.lot'.

 [38

] (./main.lof [39

])
\tf@lof=\write6
\openout6 = `main.lof'.

 (./main.bbl [40])
Package atveryend Info: Empty hook `BeforeClearDocument' on input line 79.
 [41

]
Package atveryend Info: Empty hook `AfterLastShipout' on input line 79.

(./main.aux)
Package atveryend Info: Executing hook `AtVeryEndDocument' on input line 79.
Package atveryend Info: Executing hook `AtEndAfterFileList' on input line 79.
Package rerunfilecheck Info: File `main.out' has not changed.
(rerunfilecheck)             Checksum: BF33B9B77829220E3D3C5C62B5511278;5485.


LaTeX Font Warning: Size substitutions with differences
(Font)              up to 0.5pt have occurred.

Package atveryend Info: Empty hook `AtVeryVeryEnd' on input line 79.
 ) 
Here is how much of TeX's memory you used:
 13851 strings out of 494474
 199479 string characters out of 6172703
 356694 words of memory out of 5000000
 16527 multiletter control sequences out of 15000+600000
 20416 words of font info for 48 fonts, out of 8000000 for 9000
 454 hyphenation exceptions out of 8191
 42i,18n,46p,2341b,580s stack positions out of 5000i,500n,10000p,200000b,80000s
 </home/morodeer/.texmf-var/fonts/pk/ljfour/lh/lh-t2a/larm0600.600pk> </home/
morodeer/.texmf-var/fonts/pk/ljfour/lh/lh-t2a/larm1000.600pk> </home/morodeer/.
texmf-var/fonts/pk/ljfour/lh/lh-t2a/labx1440.600pk> </home/morodeer/.texmf-var/
fonts/pk/ljfour/lh/lh-t2a/larm0800.600pk> </home/morodeer/.texmf-var/fonts/pk/l
jfour/lh/lh-t2a/labx1728.600pk> </home/morodeer/.texmf-var/fonts/pk/ljfour/lh/l
h-t2a/larm1095.600pk> </home/morodeer/.texmf-var/fonts/pk/ljfour/lh/lh-t2a/labx
1200.600pk> </home/morodeer/.texmf-var/fonts/pk/ljfour/lh/lh-t2a/labx2488.600pk
> </home/morodeer/.texmf-var/fonts/pk/ljfour/lh/lh-t2a/larm1200.600pk> </home/m
orodeer/.texmf-var/fonts/pk/ljfour/lh/lh-t2a/larm1728.600pk> </home/morodeer/.t
exmf-var/fonts/pk/ljfour/lh/lh-t2a/larm1440.600pk></usr/share/texlive/texmf-dis
t/fonts/type1/public/amsfonts/cm/cmex10.pfb></usr/share/texlive/texmf-dist/font
s/type1/public/amsfonts/cm/cmmi10.pfb></usr/share/texlive/texmf-dist/fonts/type
1/public/amsfonts/cm/cmmi12.pfb></usr/share/texlive/texmf-dist/fonts/type1/publ
ic/amsfonts/cm/cmmi7.pfb></usr/share/texlive/texmf-dist/fonts/type1/public/amsf
onts/cm/cmmi8.pfb></usr/share/texlive/texmf-dist/fonts/type1/public/amsfonts/cm
/cmr10.pfb></usr/share/texlive/texmf-dist/fonts/type1/public/amsfonts/cm/cmr12.
pfb></usr/share/texlive/texmf-dist/fonts/type1/public/amsfonts/cm/cmr6.pfb></us
r/share/texlive/texmf-dist/fonts/type1/public/amsfonts/cm/cmr8.pfb></usr/share/
texlive/texmf-dist/fonts/type1/public/amsfonts/cm/cmsy10.pfb>
Output written on main.pdf (41 pages, 7495094 bytes).
PDF statistics:
 1273 PDF objects out of 1440 (max. 8388607)
 621 compressed objects within 7 object streams
 136 named destinations out of 1000 (max. 500000)
 439 words of extra memory for PDF output out of 10000 (max. 10000000)

